0 info it worked if it ends with ok
1 verbose cli [ '/usr/local/Cellar/node/5.11.0/bin/node',
1 verbose cli   '/usr/local/bin/npm',
1 verbose cli   'run',
1 verbose cli   'production' ]
2 info using npm@3.8.6
3 info using node@v5.11.0
4 verbose run-script [ 'preproduction', 'production', 'postproduction' ]
5 info lifecycle q1_project@0.0.1~preproduction: q1_project@0.0.1
6 silly lifecycle q1_project@0.0.1~preproduction: no script for preproduction, continuing
7 info lifecycle q1_project@0.0.1~production: q1_project@0.0.1
8 verbose lifecycle q1_project@0.0.1~production: unsafe-perm in lifecycle true
9 verbose lifecycle q1_project@0.0.1~production: PATH: /usr/local/lib/node_modules/npm/bin/node-gyp-bin:/Users/Hottman/Development/AMAZON/groupie/node_modules/.bin:/usr/local/Cellar/node/5.11.0/bin:/usr/local/sbin:~/.composer/vendor/bin:/Users/Hottman/.gem/ruby/2.0.0/bin:/usr/bin/compass:/usr/bin/ruby:/usr/local/bin:/usr/local/bin:/usr/bin:/bin:/usr/sbin:/sbin:/Users/Hottman/.rvm/bin
10 verbose lifecycle q1_project@0.0.1~production: CWD: /Users/Hottman/Development/AMAZON/groupie
11 silly lifecycle q1_project@0.0.1~production: Args: [ '-c', 'gulp css-prod && gulp js-prod' ]
12 silly lifecycle q1_project@0.0.1~production: Returned: code: 1  signal: null
13 info lifecycle q1_project@0.0.1~production: Failed to exec production script
14 verbose stack Error: q1_project@0.0.1 production: `gulp css-prod && gulp js-prod`
14 verbose stack Exit status 1
14 verbose stack     at EventEmitter.<anonymous> (/usr/local/lib/node_modules/npm/lib/utils/lifecycle.js:239:16)
14 verbose stack     at emitTwo (events.js:100:13)
14 verbose stack     at EventEmitter.emit (events.js:185:7)
14 verbose stack     at ChildProcess.<anonymous> (/usr/local/lib/node_modules/npm/lib/utils/spawn.js:24:14)
14 verbose stack     at emitTwo (events.js:100:13)
14 verbose stack     at ChildProcess.emit (events.js:185:7)
14 verbose stack     at maybeClose (internal/child_process.js:850:16)
14 verbose stack     at Process.ChildProcess._handle.onexit (internal/child_process.js:215:5)
15 verbose pkgid q1_project@0.0.1
16 verbose cwd /Users/Hottman/Development/AMAZON/groupie
17 error Darwin 15.5.0
18 error argv "/usr/local/Cellar/node/5.11.0/bin/node" "/usr/local/bin/npm" "run" "production"
19 error node v5.11.0
20 error npm  v3.8.6
21 error code ELIFECYCLE
22 error q1_project@0.0.1 production: `gulp css-prod && gulp js-prod`
22 error Exit status 1
23 error Failed at the q1_project@0.0.1 production script 'gulp css-prod && gulp js-prod'.
23 error Make sure you have the latest version of node.js and npm installed.
23 error If you do, this is most likely a problem with the q1_project package,
23 error not with npm itself.
23 error Tell the author that this fails on your system:
23 error     gulp css-prod && gulp js-prod
23 error You can get information on how to open an issue for this project with:
23 error     npm bugs q1_project
23 error Or if that isn't available, you can get their info via:
23 error     npm owner ls q1_project
23 error There is likely additional logging output above.
24 verbose exit [ 1, true ]
